root:$6$xWqR7iex$0xPdUK6aQcVHAjLk747Ysi17Wh2xJLPpAu0wIbezCIUxuJ7rT5Uuj26nCzMuKfwty.RVlv3mg.t.Xge6Bx9fs/:15549:0:99999:7:::
daemon:*:15507:0:99999:7:::
bin:*:15507:0:99999:7:::
sys:*:15507:0:99999:7:::
sync:*:15507:0:99999:7:::
games:*:15507:0:99999:7:::
man:*:15507:0:99999:7:::
lp:*:15507:0:99999:7:::
mail:*:15507:0:99999:7:::
news:*:15507:0:99999:7:::
uucp:*:15507:0:99999:7:::
proxy:*:15507:0:99999:7:::
www-data:*:15507:0:99999:7:::
backup:*:15507:0:99999:7:::
list:*:15507:0:99999:7:::
irc:*:15507:0:99999:7:::
gnats:*:15507:0:99999:7:::
nobody:*:15507:0:99999:7:::
libuuid:!:15507:0:99999:7:::
syslog:*:15507:0:99999:7:::
messagebus:*:15507:0:99999:7:::
whoopsie:*:15507:0:99999:7:::
landscape:*:15507:0:99999:7:::
sshd:*:15507:0:99999:7:::
ubuntu:$6$MOCeF0du$eCgZ9.I.hS5CDST1aQHozhLbBH6rAUj97vvW/22eaCynqLv/whZKM1freAN3n2XQiCWjDr0UFreVv0IAvI.fl0:15549:0:99999:7:::
guest:$6$SaltVal1$MNuCQofLmz9CSSVdNGkdj7gRvcHeRinIVP2ezH5Q17oGC23EdbyAwZ6uzaknESS0W0TkgVpyqzGYqJMdxXSSl/:15549:0:99999:7:::
gibson:$6$SaltVal3$ub1ejU/gJOqG1gKnGhSypMtVJouMJ9JmVOYgptXcL0HLSfA84ZH.uwngUpf5XiLp0hu/E2hVh.CLBp2U24Uac1:15549:0:99999:7:::
sean:$6$SaltVal4$rIpTjZrVyyX4Lz0/TMvx3FjUbRRMEgKJ2vnQwBgaoSWeLm/VZifQvBco8AnpVQWhNvMolnyY43X5/i5YK/TIw.:15549:0:99999:7:::
george:$6$SaltVal5$W3YtX9RKtQfqPWxg6/iaxwMYD8LFxP/zqvTsg5GNXi39ulbUSAR.lvjXHrpJdSISNAiWpb6kj2iNI6LlFWETC1:15549:0:99999:7:::
roger:$6$SaltVal6$.1SaTeewycJ1oTmt/6yxAbEyezXhnOajmjP9KWhvNGhkOapy0CyGvEBSQyuL2.TbiEDAPhfoKgoHjbPjczvHH0:15549:0:99999:7:::
timothy:$6$SaltVal7$B6dVnvXVmLuILd3oBeCjvjUAYnowMZ5IRm1k3xzKq/fo8MZV7rUMFU1hhzRvaw9.G6mPST8fL8R6cvWqppcpf.:15549:0:99999:7:::
pierce:$6$SaltVal8$IUEDzxEsUcki.khFF/HOfbSa6uswLDmEGAobvvbz.8MYy9UvtPo6DCZrpcbLa2Ma4AUj65mNCr7xPP0kVH0tT/:15549:0:99999:7:::
sterling:$6$SaltVal9$7oq808gj5Pm4vzJQ7rOWXHtUiJw.qfmEhcmqhGYWUr.r3n4/G5V12QWVaJq7DPura/ZEVPqEUUpMlYzv412Qb1:15549:0:99999:7:::
manager:$6$SaltVal2$ybuPu7Nmo9LKn0p0ozhFhFw2SS2cqkLsx8c5OEAWFkIJjtXBEJqxUQzLh900QMgFTGiw6YuFDueNAapfLKt0f1:15549:0:99999:7:::
