# Nmap 7.80 scan initiated Tue Sep  8 23:10:34 2020 as: nmap -sC -sV -oN nmap/inital_setup 10.10.222.128
Nmap scan report for 10.10.222.128
Host is up (0.14s latency).
Not shown: 997 filtered ports
PORT     STATE SERVICE VERSION
21/tcp   open  ftp     vsftpd 3.0.3
| ftp-anon: Anonymous FTP login allowed (FTP code 230)
|_Can't get directory listing: TIMEOUT
| ftp-syst: 
|   STAT: 
| FTP server status:
|      Connected to ::ffff:10.9.128.84
|      Logged in as ftp
|      TYPE: ASCII
|      No session bandwidth limit
|      Session timeout in seconds is 300
|      Control connection is plain text
|      Data connections will be plain text
|      At session startup, client count was 1
|      vsFTPd 3.0.3 - secure, fast, stable
|_End of status
80/tcp   open  http    Apache httpd 2.4.18 ((Ubuntu))
| http-robots.txt: 2 disallowed entries 
|_/ /openemr-5_0_1_3 
|_http-server-header: Apache/2.4.18 (Ubuntu)
|_http-title: Apache2 Ubuntu Default Page: It works
2222/tcp open  ssh     OpenSSH 7.2p2 Ubuntu 4ubuntu2.8 (Ubuntu Linux; protocol 2.0)
| ssh-hostkey: 
|   2048 29:42:69:14:9e:ca:d9:17:98:8c:27:72:3a:cd:a9:23 (RSA)
|   256 9b:d1:65:07:51:08:00:61:98:de:95:ed:3a:e3:81:1c (ECDSA)
|_  256 12:65:1b:61:cf:4d:e5:75:fe:f4:e8:d4:6e:10:2a:f6 (ED25519)
Service Info: OSs: Unix, Linux; CPE: cpe:/o:linux:linux_kernel

Service detection performed. Please report any incorrect results at https://nmap.org/submit/ .
# Nmap done at Tue Sep  8 23:11:42 2020 -- 1 IP address (1 host up) scanned in 68.13 seconds
