# Nmap 7.80 scan initiated Tue Sep  8 23:30:45 2020 as: nmap -sV --script=vulners -oN nmap/vulners.log 10.10.222.128
Nmap scan report for 10.10.222.128
Host is up (0.11s latency).
Not shown: 997 filtered ports
PORT     STATE SERVICE VERSION
21/tcp   open  ftp     vsftpd 3.0.3
80/tcp   open  http    Apache httpd 2.4.18 ((Ubuntu))
|_http-server-header: Apache/2.4.18 (Ubuntu)
| vulners: 
|   cpe:/a:apache:http_server:2.4.18: 
|     	CVE-2017-7679	7.5	https://vulners.com/cve/CVE-2017-7679
|     	CVE-2017-7679	7.5	https://vulners.com/cve/CVE-2017-7679
|     	CVE-2017-7668	7.5	https://vulners.com/cve/CVE-2017-7668
|     	CVE-2017-7668	7.5	https://vulners.com/cve/CVE-2017-7668
|     	CVE-2017-3169	7.5	https://vulners.com/cve/CVE-2017-3169
|     	CVE-2017-3169	7.5	https://vulners.com/cve/CVE-2017-3169
|     	CVE-2017-3167	7.5	https://vulners.com/cve/CVE-2017-3167
|     	CVE-2017-3167	7.5	https://vulners.com/cve/CVE-2017-3167
|     	CVE-2019-0211	7.2	https://vulners.com/cve/CVE-2019-0211
|     	CVE-2018-1312	6.8	https://vulners.com/cve/CVE-2018-1312
|     	CVE-2017-15715	6.8	https://vulners.com/cve/CVE-2017-15715
|     	CVE-2019-10082	6.4	https://vulners.com/cve/CVE-2019-10082
|     	CVE-2019-10082	6.4	https://vulners.com/cve/CVE-2019-10082
|     	CVE-2017-9788	6.4	https://vulners.com/cve/CVE-2017-9788
|     	CVE-2019-0217	6.0	https://vulners.com/cve/CVE-2019-0217
|     	CVE-2020-1927	5.8	https://vulners.com/cve/CVE-2020-1927
|     	CVE-2020-1927	5.8	https://vulners.com/cve/CVE-2020-1927
|     	CVE-2019-10098	5.8	https://vulners.com/cve/CVE-2019-10098
|     	CVE-2019-10098	5.8	https://vulners.com/cve/CVE-2019-10098
|     	CVE-2020-1934	5.0	https://vulners.com/cve/CVE-2020-1934
|     	CVE-2020-1934	5.0	https://vulners.com/cve/CVE-2020-1934
|     	CVE-2019-0220	5.0	https://vulners.com/cve/CVE-2019-0220
|     	CVE-2019-0220	5.0	https://vulners.com/cve/CVE-2019-0220
|     	CVE-2019-0196	5.0	https://vulners.com/cve/CVE-2019-0196
|     	CVE-2019-0196	5.0	https://vulners.com/cve/CVE-2019-0196
|     	CVE-2018-17199	5.0	https://vulners.com/cve/CVE-2018-17199
|     	CVE-2018-17199	5.0	https://vulners.com/cve/CVE-2018-17199
|     	CVE-2018-1333	5.0	https://vulners.com/cve/CVE-2018-1333
|     	CVE-2018-1333	5.0	https://vulners.com/cve/CVE-2018-1333
|     	CVE-2017-9798	5.0	https://vulners.com/cve/CVE-2017-9798
|     	CVE-2017-15710	5.0	https://vulners.com/cve/CVE-2017-15710
|     	CVE-2016-8743	5.0	https://vulners.com/cve/CVE-2016-8743
|     	CVE-2016-8740	5.0	https://vulners.com/cve/CVE-2016-8740
|     	CVE-2016-4979	5.0	https://vulners.com/cve/CVE-2016-4979
|     	CVE-2019-0197	4.9	https://vulners.com/cve/CVE-2019-0197
|     	CVE-2019-0197	4.9	https://vulners.com/cve/CVE-2019-0197
|     	CVE-2020-11985	4.3	https://vulners.com/cve/CVE-2020-11985
|     	CVE-2019-10092	4.3	https://vulners.com/cve/CVE-2019-10092
|     	CVE-2019-10092	4.3	https://vulners.com/cve/CVE-2019-10092
|     	CVE-2018-11763	4.3	https://vulners.com/cve/CVE-2018-11763
|     	CVE-2018-11763	4.3	https://vulners.com/cve/CVE-2018-11763
|     	CVE-2016-4975	4.3	https://vulners.com/cve/CVE-2016-4975
|     	CVE-2016-4975	4.3	https://vulners.com/cve/CVE-2016-4975
|     	CVE-2016-1546	4.3	https://vulners.com/cve/CVE-2016-1546
|     	CVE-2018-1283	3.5	https://vulners.com/cve/CVE-2018-1283
|     	CVE-2016-8612	3.3	https://vulners.com/cve/CVE-2016-8612
|_    	CVE-2016-8612	3.3	https://vulners.com/cve/CVE-2016-8612
2222/tcp open  ssh     OpenSSH 7.2p2 Ubuntu 4ubuntu2.8 (Ubuntu Linux; protocol 2.0)
| vulners: 
|   cpe:/a:openbsd:openssh:7.2p2: 
|_    	CVE-2014-9278	4.0	https://vulners.com/cve/CVE-2014-9278
Service Info: OSs: Unix, Linux; CPE: cpe:/o:linux:linux_kernel

Service detection performed. Please report any incorrect results at https://nmap.org/submit/ .
# Nmap done at Tue Sep  8 23:31:16 2020 -- 1 IP address (1 host up) scanned in 31.30 seconds
